TN:
SF:/Users/sebastiansandqvist/Documents/Sites & Projects/apps/~modules/s-haversine/index.js
FN:13,(anonymous_1)
FN:20,(anonymous_2)
FN:44,(anonymous_3)
FNF:3
FNH:3
FNDA:24,(anonymous_1)
FNDA:5,(anonymous_2)
FNDA:8,(anonymous_3)
DA:3,1
DA:8,1
DA:13,1
DA:14,24
DA:20,1
DA:22,5
DA:23,5
DA:24,5
DA:25,5
DA:27,5
DA:28,5
DA:30,5
DA:35,5
DA:37,5
DA:44,1
DA:46,8
DA:47,8
DA:49,8
DA:51,8
DA:52,2
DA:55,8
DA:58,8
DA:60,8
DA:63,27
DA:64,8
DA:65,8
DA:68,19
DA:73,8
DA:74,24
DA:77,8
DA:79,8
DA:80,2
DA:83,6
LF:33
LH:33
BRDA:51,1,0,2
BRDA:51,1,1,6
BRDA:51,2,0,8
BRDA:51,2,1,7
BRDA:63,3,0,8
BRDA:63,3,1,19
BRDA:74,4,0,24
BRDA:74,4,1,6
BRDA:79,5,0,2
BRDA:79,5,1,6
BRF:10
BRH:10
end_of_record
